\BOOKMARK [0][-]{chapter*.3}{\376\377\000F\000o\000r\000e\000w\000o\000r\000d}{}% 1
\BOOKMARK [0][-]{chapter*.8}{\376\377\000S\000t\000a\000t\000e\000\040\000o\000f\000\040\000t\000h\000e\000\040\000a\000r\000t}{}% 2
\BOOKMARK [1][-]{section*.21}{\376\377\000H\000o\000w\000\040\000d\000o\000\040\000w\000e\000\040\000p\000r\000o\000c\000e\000e\000d}{chapter*.8}% 3
\BOOKMARK [1][-]{section*.22}{\376\377\000T\000h\000e\000\040\000o\000l\000d\000\040\000u\000n\000d\000e\000r\000s\000t\000a\000n\000d\000i\000n\000g}{chapter*.8}% 4
\BOOKMARK [1][-]{section*.24}{\376\377\000T\000h\000e\000\040\000n\000e\000w\000\040\000u\000n\000d\000e\000r\000s\000t\000a\000n\000d\000i\000n\000g}{chapter*.8}% 5
\BOOKMARK [0][-]{chapter.1}{\376\377\000S\000i\000n\000g\000l\000e\000\040\000\050\000a\000b\000s\000t\000r\000a\000c\000t\000\051\000\040\000n\000e\000u\000r\000o\000n\000s}{}% 6
\BOOKMARK [1][-]{section.1.1}{\376\377\000I\000n\000t\000r\000o\000d\000u\000c\000t\000i\000o\000n}{chapter.1}% 7
\BOOKMARK [1][-]{section.1.2}{\376\377\000M\000o\000d\000e\000l\000i\000n\000g}{chapter.1}% 8
\BOOKMARK [2][-]{subsection.1.2.1}{\376\377\000A\000p\000p\000r\000o\000a\000c\000h\000e\000s}{section.1.2}% 9
\BOOKMARK [2][-]{subsection.1.2.2}{\376\377\000T\000y\000p\000e\000s}{section.1.2}% 10
\BOOKMARK [2][-]{subsection.1.2.3}{\376\377\000D\000i\000s\000c\000i\000p\000l\000i\000n\000a\000r\000i\000t\000y}{section.1.2}% 11
\BOOKMARK [1][-]{section.1.3}{\376\377\000C\000r\000e\000a\000t\000i\000n\000g\000\040\000t\000h\000e\000\040\000b\000r\000a\000i\000n}{chapter.1}% 12
\BOOKMARK [2][-]{subsection.1.3.1}{\376\377\000C\000o\000n\000c\000e\000p\000t\000s}{section.1.3}% 13
\BOOKMARK [2][-]{subsection.1.3.2}{\376\377\000L\000i\000f\000e\000\040\000c\000y\000c\000l\000e}{section.1.3}% 14
\BOOKMARK [2][-]{subsection.1.3.3}{\376\377\000S\000t\000a\000g\000e\000s}{section.1.3}% 15
\BOOKMARK [2][-]{subsection.1.3.4}{\376\377\000C\000o\000m\000p\000u\000t\000i\000n\000g}{section.1.3}% 16
\BOOKMARK [2][-]{subsection.1.3.5}{\376\377\000P\000r\000o\000c\000e\000s\000s\000e\000s}{section.1.3}% 17
\BOOKMARK [1][-]{section.1.4}{\376\377\000U\000n\000i\000f\000i\000e\000d\000\040\000m\000o\000d\000e\000l\000\040}{chapter.1}% 18
\BOOKMARK [1][-]{section.1.5}{\376\377\000C\000o\000n\000t\000r\000o\000l\000\040\000c\000i\000r\000c\000u\000i\000t}{chapter.1}% 19
\BOOKMARK [2][-]{subsection.1.5.1}{\376\377\000E\000l\000e\000c\000t\000r\000i\000c\000i\000t\000y\000\040\000b\000u\000i\000l\000d\000s\000\040\000a\000n\000d\000\040\000t\000h\000e\000r\000m\000o\000d\000y\000n\000a\000m\000i\000c\000s\000\040\000c\000o\000r\000r\000e\000c\000t\000s}{section.1.5}% 20
\BOOKMARK [2][-]{subsection.1.5.2}{\376\377\000R\000o\000b\000u\000s\000t\000n\000e\000s\000s}{section.1.5}% 21
\BOOKMARK [2][-]{subsection.1.5.3}{\376\377\000C\000o\000n\000t\000r\000o\000l\000l\000e\000r}{section.1.5}% 22
\BOOKMARK [2][-]{subsection.1.5.4}{\376\377\000G\000o\000l\000d\000m\000a\000n\000-\000H\000o\000d\000g\000k\000i\000n\000-\000K\000a\000t\000z\000\040\000p\000o\000t\000e\000n\000t\000i\000a\000l}{section.1.5}% 23
\BOOKMARK [1][-]{section.1.6}{\376\377\000R\000e\000s\000t\000i\000n\000g\000\040\000p\000o\000t\000e\000n\000t\000i\000a\000l}{chapter.1}% 24
\BOOKMARK [1][-]{section.1.7}{\376\377\000A\000c\000t\000i\000o\000n\000\040\000p\000o\000t\000e\000n\000t\000i\000a\000l}{chapter.1}% 25
\BOOKMARK [2][-]{subsection.1.7.1}{\376\377\000T\000h\000e\000\040\000c\000o\000n\000c\000e\000p\000t}{section.1.7}% 26
\BOOKMARK [2][-]{subsection.1.7.2}{\376\377\000T\000h\000e\000\040\000i\000m\000p\000l\000e\000m\000e\000n\000t\000a\000t\000i\000o\000n}{section.1.7}% 27
\BOOKMARK [1][-]{section.1.8}{\376\377\000T\000r\000a\000n\000s\000m\000i\000t\000t\000i\000n\000g\000\040\000p\000o\000t\000e\000n\000t\000i\000a\000l}{chapter.1}% 28
\BOOKMARK [0][-]{chapter.2}{\376\377\000P\000h\000y\000s\000i\000c\000s\000\040\000f\000o\000r\000\040\000n\000e\000u\000r\000o\000n\000s}{}% 29
\BOOKMARK [1][-]{section.2.1}{\376\377\000I\000n\000t\000r\000o\000d\000u\000c\000t\000i\000o\000n}{chapter.2}% 30
\BOOKMARK [1][-]{section.2.2}{\376\377\000S\000c\000i\000e\000n\000c\000e\000\040\000i\000s\000s\000u\000e\000s}{chapter.2}% 31
\BOOKMARK [2][-]{subsection.2.2.1}{\376\377\000S\000c\000h\000r\000\366\000d\000i\000n\000g\000e\000r\000\040\000o\000n\000\040\000l\000i\000f\000e}{section.2.2}% 32
\BOOKMARK [2][-]{subsection.2.2.2}{\376\377\000C\000o\000n\000c\000e\000p\000t\000s}{section.2.2}% 33
\BOOKMARK [2][-]{subsection.2.2.3}{\376\377\000D\000i\000s\000c\000i\000p\000l\000i\000n\000a\000r\000i\000t\000y}{section.2.2}% 34
\BOOKMARK [2][-]{subsection.2.2.4}{\376\377\000S\000p\000a\000t\000i\000o\000t\000e\000m\000p\000o\000r\000a\000l}{section.2.2}% 35
\BOOKMARK [2][-]{subsection.2.2.5}{\376\377\000D\000i\000c\000h\000o\000t\000o\000m\000i\000e\000s}{section.2.2}% 36
\BOOKMARK [2][-]{subsection.2.2.6}{\376\377\000C\000o\000m\000p\000l\000e\000t\000e\000\040\000m\000e\000a\000s\000u\000r\000e\000m\000e\000n\000t}{section.2.2}% 37
\BOOKMARK [2][-]{subsection.2.2.7}{\376\377\000S\000p\000e\000e\000d}{section.2.2}% 38
\BOOKMARK [2][-]{subsection.2.2.8}{\376\377\000M\000a\000t\000h\000e\000m\000a\000t\000i\000c\000s}{section.2.2}% 39
\BOOKMARK [2][-]{subsection.2.2.9}{\376\377\000B\000i\000o\000l\000o\000g\000y}{section.2.2}% 40
\BOOKMARK [1][-]{section.2.3}{\376\377\000M\000e\000a\000s\000u\000r\000i\000n\000g\000\040\000i\000s\000s\000u\000e\000s}{chapter.2}% 41
\BOOKMARK [2][-]{subsection.2.3.1}{\376\377\000E\000l\000e\000c\000t\000r\000i\000c\000a\000l\000\040\000m\000e\000a\000s\000u\000r\000e\000m\000e\000n\000t}{section.2.3}% 42
\BOOKMARK [2][-]{subsection.2.3.2}{\376\377\000C\000a\000p\000a\000c\000i\000t\000a\000n\000c\000e}{section.2.3}% 43
\BOOKMARK [2][-]{subsection.2.3.3}{\376\377\000C\000o\000n\000d\000u\000c\000t\000a\000n\000c\000e}{section.2.3}% 44
\BOOKMARK [2][-]{subsection.2.3.4}{\376\377\000C\000l\000a\000m\000p\000i\000n\000g\000/\000p\000a\000t\000c\000h\000i\000n\000g}{section.2.3}% 45
\BOOKMARK [2][-]{subsection.2.3.5}{\376\377\000I\000n\000t\000e\000r\000f\000a\000c\000i\000n\000g\000\040\000b\000i\000o\000l\000o\000g\000y}{section.2.3}% 46
\BOOKMARK [1][-]{section.2.4}{\376\377\000I\000o\000n\000s\000'\000\040\000t\000h\000e\000r\000m\000o\000d\000y\000n\000a\000m\000i\000c\000s}{chapter.2}% 47
\BOOKMARK [2][-]{subsection.2.4.1}{\376\377\000W\000h\000y\000\040\000d\000i\000f\000f\000e\000r\000e\000n\000t}{section.2.4}% 48
\BOOKMARK [2][-]{subsection.2.4.2}{\376\377\000S\000t\000a\000t\000i\000s\000t\000i\000c\000a\000l\000\040\000m\000e\000c\000h\000a\000n\000i\000c\000s}{section.2.4}% 49
\BOOKMARK [2][-]{subsection.2.4.3}{\376\377\000N\000o\000n\000-\000o\000r\000d\000i\000n\000a\000r\000y\000\040\000l\000a\000w\000s}{section.2.4}% 50
\BOOKMARK [2][-]{subsection.2.4.4}{\376\377\000S\000t\000e\000a\000d\000y\000\040\000s\000t\000a\000t\000e}{section.2.4}% 51
\BOOKMARK [2][-]{subsection.2.4.5}{\376\377\000L\000a\000w\000s\000\040\000o\000f\000\040\000m\000o\000t\000i\000o\000n}{section.2.4}% 52
\BOOKMARK [2][-]{subsection.2.4.6}{\376\377\000N\000e\000r\000n\000s\000t\000'\000s\000\040\000l\000a\000w}{section.2.4}% 53
\BOOKMARK [2][-]{subsection.2.4.7}{\376\377\000F\000i\000c\000k\000'\000s\000\040\000L\000a\000w}{section.2.4}% 54
\BOOKMARK [1][-]{section.2.5}{\376\377\000I\000o\000n\000s\000'\000\040\000e\000l\000e\000c\000t\000r\000i\000c\000i\000t\000y}{chapter.2}% 55
\BOOKMARK [2][-]{subsection.2.5.1}{\376\377\000W\000h\000y\000\040\000d\000i\000f\000f\000e\000r\000e\000n\000t}{section.2.5}% 56
\BOOKMARK [2][-]{subsection.2.5.2}{\376\377\000C\000o\000n\000c\000e\000p\000t\000s}{section.2.5}% 57
\BOOKMARK [2][-]{subsection.2.5.3}{\376\377\000P\000e\000c\000u\000l\000i\000a\000r\000i\000t\000i\000e\000s}{section.2.5}% 58
\BOOKMARK [2][-]{subsection.2.5.4}{\376\377\000E\000q\000u\000i\000v\000a\000l\000e\000n\000t\000\040\000c\000i\000r\000c\000u\000i\000t\000s}{section.2.5}% 59
\BOOKMARK [2][-]{subsection.2.5.5}{\376\377\000I\000m\000i\000t\000a\000t\000i\000n\000g\000\040\000i\000o\000n\000'\000s\000\040\000e\000l\000e\000c\000t\000r\000i\000c\000i\000t\000y}{section.2.5}% 60
\BOOKMARK [2][-]{subsection.2.5.6}{\376\377\000O\000s\000c\000i\000l\000l\000a\000t\000o\000r}{section.2.5}% 61
\BOOKMARK [2][-]{subsection.2.5.7}{\376\377\000D\000y\000n\000a\000m\000i\000c\000s}{section.2.5}% 62
\BOOKMARK [1][-]{section.2.6}{\376\377\000E\000l\000e\000c\000t\000r\000o\000l\000y\000t\000e\000'\000s\000\040\000e\000l\000e\000c\000t\000r\000i\000c\000i\000t\000y}{chapter.2}% 63
\BOOKMARK [2][-]{subsection.2.6.1}{\376\377\000E\000l\000e\000c\000t\000r\000o\000l\000y\000t\000e\000s}{section.2.6}% 64
\BOOKMARK [2][-]{subsection.2.6.2}{\376\377\000I\000n\000h\000o\000m\000o\000g\000e\000n\000e\000i\000t\000i\000e\000s}{section.2.6}% 65
\BOOKMARK [2][-]{subsection.2.6.3}{\376\377\000T\000h\000e\000r\000m\000o\000d\000y\000n\000a\000m\000i\000c\000\040\000f\000i\000e\000l\000d}{section.2.6}% 66
\BOOKMARK [2][-]{subsection.2.6.4}{\376\377\000O\000n\000e\000\040\000s\000e\000g\000m\000e\000n\000t}{section.2.6}% 67
\BOOKMARK [2][-]{subsection.2.6.5}{\376\377\000T\000w\000o\000\040\000s\000e\000g\000m\000e\000n\000t\000s}{section.2.6}% 68
\BOOKMARK [2][-]{subsection.2.6.6}{\376\377\000G\000o\000l\000d\000m\000a\000n\000-\000H\000o\000d\000g\000k\000i\000n\000-\000K\000a\000t\000z\000\040\000p\000o\000t\000e\000n\000t\000i\000a\000l}{section.2.6}% 69
\BOOKMARK [2][-]{subsection.2.6.7}{\376\377\000M\000o\000v\000i\000n\000g\000\040\000i\000n\000\040\000t\000h\000e\000\040\000m\000e\000m\000b\000r\000a\000n\000e\000'\000s\000\040\000p\000o\000t\000e\000n\000t\000i\000a\000l}{section.2.6}% 70
\BOOKMARK [1][-]{section.2.7}{\376\377\000C\000o\000n\000t\000r\000o\000l\000i\000n\000g\000\040\000p\000o\000t\000e\000n\000t\000i\000a\000l}{chapter.2}% 71
\BOOKMARK [2][-]{subsection.2.7.1}{\376\377\000P\000I\000D\000'\000s\000\040\000p\000o\000t\000e\000n\000t\000i\000a\000l\000\040\000c\000o\000n\000t\000r\000o\000l\000i\000n\000g}{section.2.7}% 72
\BOOKMARK [2][-]{subsection.2.7.2}{\376\377\000H\000H\000'\000s\000\040\000p\000o\000t\000e\000n\000t\000i\000a\000l\000\040\000c\000o\000n\000t\000r\000o\000l\000i\000n\000g}{section.2.7}% 73
\BOOKMARK [2][-]{subsection.2.7.3}{\376\377\000C\000o\000m\000p\000a\000r\000i\000n\000g\000\040\000e\000q\000u\000a\000t\000i\000o\000n\000s}{section.2.7}% 74
\BOOKMARK [1][-]{section.2.8}{\376\377\000N\000e\000u\000r\000o\000n\000a\000l\000\040\000o\000p\000e\000r\000a\000t\000i\000o\000n}{chapter.2}% 75
\BOOKMARK [2][-]{subsection.2.8.1}{\376\377\000A\000n\000i\000m\000a\000l\000\040\000e\000l\000e\000c\000t\000r\000i\000c\000i\000t\000y}{section.2.8}% 76
\BOOKMARK [2][-]{subsection.2.8.2}{\376\377\000I\000o\000n\000\040\000c\000h\000a\000n\000n\000e\000l\000s\000\040\000a\000n\000d\000\040\000p\000u\000m\000p\000s}{section.2.8}% 77
\BOOKMARK [2][-]{subsection.2.8.3}{\376\377\000N\000e\000u\000r\000o\000n\000a\000l\000\040\000m\000e\000m\000b\000r\000a\000n\000e}{section.2.8}% 78
\BOOKMARK [2][-]{subsection.2.8.4}{\376\377\000M\000e\000m\000b\000r\000a\000n\000e\000s\000\040\000\046\000\040\000l\000a\000y\000e\000r\000s}{section.2.8}% 79
\BOOKMARK [2][-]{subsection.2.8.5}{\376\377\000D\000e\000m\000o\000n\000\040\000i\000n\000\040\000t\000h\000e\000\040\000m\000e\000m\000b\000r\000a\000n\000e}{section.2.8}% 80
\BOOKMARK [2][-]{subsection.2.8.6}{\376\377\000A\000x\000o\000n\000\040\000a\000n\000d\000\040\000a\000x\000o\000n\000a\000l\000\040\000a\000r\000b\000o\000r}{section.2.8}% 81
\BOOKMARK [2][-]{subsection.2.8.7}{\376\377\000A\000x\000o\000n\000\040\000I\000n\000i\000t\000i\000a\000l\000\040\000S\000e\000g\000m\000e\000n\000t}{section.2.8}% 82
\BOOKMARK [2][-]{subsection.2.8.8}{\376\377\000S\000t\000a\000t\000e\000s}{section.2.8}% 83
\BOOKMARK [1][-]{section.2.9}{\376\377\000U\000n\000i\000f\000i\000e\000d\000\040\000m\000o\000d\000e\000l}{chapter.2}% 84
\BOOKMARK [2][-]{subsection.2.9.1}{\376\377\000F\000o\000r\000c\000e\000s}{section.2.9}% 85
\BOOKMARK [2][-]{subsection.2.9.2}{\376\377\000T\000h\000e\000\040\000M\000a\000g\000i\000c\000\040\000C\000o\000n\000n\000e\000c\000t\000i\000o\000n}{section.2.9}% 86
\BOOKMARK [2][-]{subsection.2.9.3}{\376\377\000P\000r\000e\000s\000s\000u\000r\000e\000\040\000w\000a\000v\000e}{section.2.9}% 87
\BOOKMARK [2][-]{subsection.2.9.4}{\376\377\000S\000p\000e\000e\000d\000s}{section.2.9}% 88
\BOOKMARK [2][-]{subsection.2.9.5}{\376\377\000C\000u\000r\000r\000e\000n\000t\000s}{section.2.9}% 89
\BOOKMARK [2][-]{subsection.2.9.6}{\376\377\000B\000a\000c\000k\000g\000r\000o\000u\000n\000d\000\040\000l\000o\000g\000i\000s\000t\000i\000c\000s}{section.2.9}% 90
\BOOKMARK [1][-]{section.2.10}{\376\377\000A\000c\000t\000i\000o\000n\000\040\000P\000o\000t\000e\000n\000t\000i\000a\000l}{chapter.2}% 91
\BOOKMARK [2][-]{subsection.2.10.1}{\376\377\000T\000h\000e\000\040\000p\000h\000y\000s\000i\000c\000a\000l\000\040\000p\000r\000o\000c\000e\000s\000s}{section.2.10}% 92
\BOOKMARK [2][-]{subsection.2.10.2}{\376\377\000T\000h\000e\000\040\000e\000l\000e\000c\000t\000r\000i\000c\000a\000l\000\040\000m\000o\000d\000e\000l}{section.2.10}% 93
\BOOKMARK [2][-]{subsection.2.10.3}{\376\377\000T\000h\000e\000r\000m\000o\000d\000y\000n\000a\000m\000i\000c\000s\000\040\000o\000f\000\040\000A\000c\000t\000i\000o\000n\000\040\000P\000o\000t\000e\000n\000t\000i\000a\000l}{section.2.10}% 94
\BOOKMARK [1][-]{section.2.11}{\376\377\000I\000m\000p\000l\000i\000c\000a\000t\000i\000o\000n\000s}{chapter.2}% 95
\BOOKMARK [2][-]{subsection.2.11.1}{\376\377\000P\000h\000y\000s\000i\000c\000s}{section.2.11}% 96
\BOOKMARK [2][-]{subsection.2.11.2}{\376\377\000I\000n\000f\000o\000r\000m\000a\000t\000i\000o\000n}{section.2.11}% 97
\BOOKMARK [2][-]{subsection.2.11.3}{\376\377\000C\000o\000m\000p\000u\000t\000i\000n\000g}{section.2.11}% 98
\BOOKMARK [2][-]{subsection.2.11.4}{\376\377\000C\000o\000m\000m\000u\000n\000i\000c\000a\000t\000i\000o\000n}{section.2.11}% 99
\BOOKMARK [0][-]{chapter.3}{\376\377\000P\000h\000y\000s\000i\000o\000l\000o\000g\000y\000\040\000f\000o\000r\000\040\000n\000e\000u\000r\000o\000n\000s}{}% 100
\BOOKMARK [1][-]{section.3.1}{\376\377\000S\000t\000a\000t\000e\000-\000o\000f\000-\000t\000h\000e\000-\000a\000r\000t}{chapter.3}% 101
\BOOKMARK [1][-]{section.3.2}{\376\377\000T\000h\000e\000\040\000p\000h\000y\000s\000i\000c\000a\000l\000\040\000m\000o\000d\000e\000l}{chapter.3}% 102
\BOOKMARK [2][-]{subsection.3.2.1}{\376\377\000S\000i\000z\000e\000\040\000o\000f\000\040\000n\000e\000u\000r\000o\000n\000a\000l\000\040\000c\000o\000m\000p\000o\000n\000e\000n\000t\000s}{section.3.2}% 103
\BOOKMARK [2][-]{subsection.3.2.2}{\376\377\000N\000e\000u\000r\000o\000n\000'\000s\000\040\000p\000o\000t\000e\000n\000t\000i\000a\000l}{section.3.2}% 104
\BOOKMARK [2][-]{subsection.3.2.3}{\376\377\000A\000x\000o\000n\000\040\000I\000n\000i\000t\000i\000a\000l\000\040\000S\000e\000g\000m\000e\000n\000t}{section.3.2}% 105
\BOOKMARK [2][-]{subsection.3.2.4}{\376\377\000A\000x\000o\000n\000s}{section.3.2}% 106
\BOOKMARK [2][-]{subsection.3.2.5}{\376\377\000M\000e\000m\000b\000r\000a\000n\000e}{section.3.2}% 107
\BOOKMARK [1][-]{section.3.3}{\376\377\000A\000d\000d\000e\000n\000d\000u\000m}{chapter.3}% 108
\BOOKMARK [2][-]{subsection.3.3.1}{\376\377\000I\000o\000n\000\040\000m\000o\000v\000e\000m\000e\000n\000t\000\040\000i\000n\000\040\000e\000x\000c\000i\000t\000a\000b\000l\000e\000\040\000c\000e\000l\000l\000s}{section.3.3}% 109
\BOOKMARK [2][-]{subsection.3.3.2}{\376\377\000P\000h\000y\000s\000i\000c\000a\000l\000\040\000l\000a\000w\000s\000\040\000t\000h\000a\000t\000\040\000d\000i\000c\000t\000a\000t\000e\000\040\000i\000o\000n\000\040\000m\000o\000v\000e\000m\000e\000n\000t}{section.3.3}% 110
\BOOKMARK [2][-]{subsection.3.3.3}{\376\377\000T\000h\000e\000\040\000N\000e\000r\000n\000s\000t\000\040\000e\000q\000u\000a\000t\000i\000o\000n}{section.3.3}% 111
\BOOKMARK [2][-]{subsection.3.3.4}{\376\377\000I\000o\000n\000\040\000d\000i\000s\000t\000r\000i\000b\000u\000t\000i\000o\000n\000\040\000a\000n\000d\000\040\000g\000r\000a\000d\000i\000e\000n\000t\000\040\000m\000a\000i\000n\000t\000e\000n\000a\000n\000c\000e}{section.3.3}% 112
\BOOKMARK [2][-]{subsection.3.3.5}{\376\377\000M\000e\000m\000b\000r\000a\000n\000e\000\040\000p\000e\000r\000m\000e\000a\000b\000i\000l\000i\000t\000y}{section.3.3}% 113
\BOOKMARK [1][-]{section.3.4}{\376\377\000E\000l\000e\000c\000t\000r\000o\000d\000i\000f\000f\000u\000s\000i\000o\000n}{chapter.3}% 114
\BOOKMARK [2][-]{subsection.3.4.1}{\376\377\000O\000p\000e\000r\000a\000t\000i\000n\000g\000\040\000r\000e\000g\000i\000m\000e\000s}{section.3.4}% 115
\BOOKMARK [2][-]{subsection.3.4.2}{\376\377\000C\000o\000n\000n\000e\000c\000t\000i\000n\000g\000\040\000s\000c\000i\000e\000n\000c\000e\000\040\000t\000o\000\040\000l\000i\000f\000e}{section.3.4}% 116
\BOOKMARK [2][-]{subsection.3.4.3}{\376\377\000S\000p\000a\000t\000i\000o\000t\000e\000m\000p\000o\000r\000a\000l\000\040\000b\000e\000h\000a\000v\000i\000o\000r}{section.3.4}% 117
\BOOKMARK [1][-]{section.3.5}{\376\377\000R\000e\000s\000t\000i\000n\000g\000\040\000p\000o\000t\000e\000n\000t\000i\000a\000l}{chapter.3}% 118
\BOOKMARK [1][-]{section.3.6}{\376\377\000A\000c\000t\000i\000o\000n\000\040\000p\000o\000t\000e\000n\000t\000i\000a\000l}{chapter.3}% 119
\BOOKMARK [2][-]{subsection.3.6.1}{\376\377\000T\000h\000e\000\040\000c\000l\000a\000s\000s\000i\000c\000\040\000p\000i\000c\000t\000u\000r\000e}{section.3.6}% 120
\BOOKMARK [2][-]{subsection.3.6.2}{\376\377\000T\000h\000e\000\040\000m\000o\000d\000e\000r\000n\000\040\000p\000i\000c\000t\000u\000r\000e}{section.3.6}% 121
\BOOKMARK [2][-]{subsection.3.6.3}{\376\377\000R\000o\000l\000e\000\040\000o\000f\000\040\000A\000I\000S}{section.3.6}% 122
\BOOKMARK [2][-]{subsection.3.6.4}{\376\377\000N\000e\000u\000r\000a\000l\000\040\000c\000u\000r\000r\000e\000n\000t\000s}{section.3.6}% 123
\BOOKMARK [2][-]{subsection.3.6.5}{\376\377\000C\000h\000a\000r\000g\000e\000\040\000c\000o\000n\000s\000e\000r\000v\000a\000t\000i\000o\000n}{section.3.6}% 124
\BOOKMARK [2][-]{subsection.3.6.6}{\376\377\000V\000o\000l\000t\000a\000g\000e\000\040\000t\000i\000m\000e\000\040\000d\000e\000r\000i\000v\000a\000t\000i\000v\000e}{section.3.6}% 125
\BOOKMARK [2][-]{subsection.3.6.7}{\376\377\000S\000y\000n\000a\000p\000t\000i\000c\000\040\000c\000o\000n\000t\000r\000o\000l}{section.3.6}% 126
\BOOKMARK [1][-]{section.3.7}{\376\377\000H\000o\000d\000g\000k\000i\000n\000\046\000H\000u\000x\000l\000e\000y\000'\000s\000\040\000e\000m\000p\000i\000r\000i\000c\000a\000l\000\040\000d\000e\000s\000c\000r\000i\000p\000t\000i\000o\000n}{chapter.3}% 127
\BOOKMARK [2][-]{subsection.3.7.1}{\376\377\000M\000e\000a\000s\000u\000r\000e\000m\000e\000n\000t\000\040\000s\000c\000i\000e\000n\000c\000e}{section.3.7}% 128
\BOOKMARK [2][-]{subsection.3.7.2}{\376\377\000M\000a\000t\000h\000e\000m\000a\000t\000i\000c\000s}{section.3.7}% 129
\BOOKMARK [2][-]{subsection.3.7.3}{\376\377\000P\000h\000y\000s\000i\000c\000s}{section.3.7}% 130
\BOOKMARK [2][-]{subsection.3.7.4}{\376\377\000D\000r\000i\000v\000i\000n\000g\000\040\000f\000o\000r\000c\000e}{section.3.7}% 131
\BOOKMARK [2][-]{subsection.3.7.5}{\376\377\000E\000l\000e\000c\000t\000r\000i\000c\000i\000t\000y}{section.3.7}% 132
\BOOKMARK [1][-]{section.3.8}{\376\377\000E\000x\000p\000e\000r\000i\000m\000e\000n\000t\000a\000l\000\040\000e\000v\000i\000d\000e\000n\000c\000e}{chapter.3}% 133
\BOOKMARK [2][-]{subsection.3.8.1}{\376\377\000S\000t\000o\000k\000e\000s\000-\000E\000i\000n\000s\000t\000e\000i\000n\000\040\000r\000e\000l\000a\000t\000i\000o\000n}{section.3.8}% 134
\BOOKMARK [2][-]{subsection.3.8.2}{\376\377\000A\000x\000o\000n\000\040}{section.3.8}% 135
\BOOKMARK [2][-]{subsection.3.8.3}{\376\377\000I\000n\000v\000a\000s\000i\000o\000n\000s}{section.3.8}% 136
\BOOKMARK [1][-]{section.3.9}{\376\377\000F\000a\000l\000l\000a\000c\000i\000e\000s}{chapter.3}% 137
\BOOKMARK [2][-]{subsection.3.9.1}{\376\377\000E\000q\000u\000i\000v\000a\000l\000e\000n\000t\000\040\000e\000l\000e\000c\000t\000r\000i\000c\000a\000l\000\040\000c\000i\000r\000c\000u\000i\000t}{section.3.9}% 138
\BOOKMARK [2][-]{subsection.3.9.2}{\376\377\000P\000o\000i\000n\000t\000-\000l\000i\000k\000e\000\040\000n\000e\000u\000r\000o\000n}{section.3.9}% 139
\BOOKMARK [2][-]{subsection.3.9.3}{\376\377\000P\000a\000s\000s\000i\000v\000e\000\040\000d\000i\000s\000t\000r\000i\000b\000u\000t\000e\000d\000\040\000m\000e\000m\000b\000r\000a\000n\000e}{section.3.9}% 140
\BOOKMARK [2][-]{subsection.3.9.4}{\376\377\000M\000e\000m\000b\000r\000a\000n\000e\000\040\000a\000s\000\040\000a\000\040\000w\000r\000o\000n\000g\000\040\000i\000s\000o\000l\000a\000t\000o\000r}{section.3.9}% 141
\BOOKMARK [2][-]{subsection.3.9.5}{\376\377\000E\000n\000e\000r\000g\000y\000\040\000c\000o\000n\000s\000u\000m\000p\000t\000i\000o\000n}{section.3.9}% 142
\BOOKMARK [2][-]{subsection.3.9.6}{\376\377\000'\000D\000e\000l\000a\000y\000e\000d\000\040\000r\000e\000c\000t\000i\000f\000y\000i\000n\000g\000'\000\040\000c\000u\000r\000r\000e\000n\000t}{section.3.9}% 143
\BOOKMARK [2][-]{subsection.3.9.7}{\376\377\000M\000e\000m\000b\000r\000a\000n\000e\000\040\000r\000e\000f\000r\000a\000c\000t\000o\000r\000i\000n\000e\000s\000s}{section.3.9}% 144
\BOOKMARK [2][-]{subsection.3.9.8}{\376\377\000M\000e\000m\000b\000r\000a\000n\000e\000\040\000a\000s\000\040\000l\000o\000w\000-\000p\000a\000s\000s\000\040\000f\000i\000l\000t\000e\000r}{section.3.9}% 145
\BOOKMARK [2][-]{subsection.3.9.9}{\376\377\000T\000h\000r\000e\000s\000h\000o\000l\000d\000s\000\040\000o\000f\000\040\000i\000n\000i\000t\000i\000a\000t\000i\000n\000g\000\040\000A\000P}{section.3.9}% 146
\BOOKMARK [0][-]{chapter.4}{\376\377\000C\000o\000m\000p\000u\000t\000i\000n\000g}{}% 147
\BOOKMARK [1][-]{section.4.1}{\376\377\000I\000n\000t\000r\000o\000d\000u\000c\000t\000i\000o\000n}{chapter.4}% 148
\BOOKMARK [1][-]{section.4.2}{\376\377\000\040\000C\000o\000m\000p\000u\000t\000i\000n\000g\000\040\000a\000n\000d\000\040\000c\000o\000m\000m\000u\000n\000i\000c\000a\000t\000i\000o\000n}{chapter.4}% 149
\BOOKMARK [1][-]{section.4.3}{\376\377\000\040\000C\000o\000m\000p\000u\000t\000i\000n\000g\000\040\000a\000n\000d\000\040\000i\000n\000f\000o\000r\000m\000a\000t\000i\000o\000n}{chapter.4}% 150
\BOOKMARK [1][-]{section.4.4}{\376\377\000\040\000C\000o\000m\000p\000u\000t\000i\000n\000g\000\040\000a\000n\000d\000\040\000b\000i\000o\000l\000o\000g\000y}{chapter.4}% 151
\BOOKMARK [1][-]{section.4.5}{\376\377\000\040\000C\000o\000m\000p\000u\000t\000a\000t\000i\000o\000n\000a\000l\000\040\000m\000o\000d\000e\000l\000i\000n\000g\000\040\000o\000f\000\040\000n\000e\000u\000r\000o\000n\000a\000l\000\040\000m\000e\000m\000b\000r\000a\000n\000e}{chapter.4}% 152
\BOOKMARK [1][-]{section.4.6}{\376\377\000T\000i\000m\000i\000n\000g\000\040\000r\000e\000l\000a\000t\000i\000o\000n\000s}{chapter.4}% 153
\BOOKMARK [1][-]{section.4.7}{\376\377\000A\000c\000t\000i\000o\000n\000\040\000P\000o\000t\000e\000n\000t\000i\000a\000l}{chapter.4}% 154
\BOOKMARK [0][-]{chapter.5}{\376\377\000I\000n\000f\000o\000r\000m\000a\000t\000i\000o\000n}{}% 155
\BOOKMARK [0][-]{chapter.6}{\376\377\000M\000u\000l\000t\000i\000p\000l\000e\000\040\000n\000e\000u\000r\000o\000n\000s}{}% 156
\BOOKMARK [0][-]{chapter.7}{\376\377\000I\000n\000t\000e\000l\000l\000i\000g\000e\000n\000c\000e}{}% 157
\BOOKMARK [1][-]{section.7.1}{\376\377\000C\000o\000g\000n\000i\000t\000i\000o\000n}{chapter.7}% 158
\BOOKMARK [0][-]{chapter.8}{\376\377\000S\000i\000m\000u\000l\000a\000t\000i\000o\000n}{}% 159
\BOOKMARK [1][-]{section.8.1}{\376\377\000\040\000S\000i\000m\000u\000l\000a\000t\000i\000o\000n\000\040\000p\000r\000i\000n\000c\000i\000p\000l\000e\000s\000\040\000a\000n\000d\000\040\000t\000e\000c\000h\000n\000o\000l\000o\000g\000y}{chapter.8}% 160
\BOOKMARK [2][-]{subsection.8.1.1}{\376\377\000E\000v\000e\000n\000t\000\040\000a\000n\000d\000\040\000t\000i\000m\000i\000n\000g}{section.8.1}% 161
\BOOKMARK [1][-]{section.8.2}{\376\377\000\040\000S\000y\000s\000t\000e\000m\000C\000,\000\040\000t\000h\000e\000\040\000b\000a\000c\000k\000g\000r\000o\000u\000n\000d\000\040\000l\000a\000n\000g\000u\000a\000g\000e\000\040\000a\000n\000d\000\040\000e\000n\000g\000i\000n\000e}{chapter.8}% 162
\BOOKMARK [1][-]{section.8.3}{\376\377\000R\000i\000p\000e\000s\000\040\000S\000i\000m\000u\000l\000a\000t\000o\000r\000\040\000\040}{chapter.8}% 163
\BOOKMARK [1][-]{section.8.4}{\376\377\000\040\000G\000T\000K\000W\000a\000v\000e\000\040\000s\000i\000m\000u\000l\000a\000t\000o\000r}{chapter.8}% 164
\BOOKMARK [0][-]{section*.138}{\376\377\000L\000i\000s\000t\000\040\000o\000f\000\040\000t\000a\000b\000l\000e\000s}{}% 165
\BOOKMARK [0][-]{chapter*.139}{\376\377\000L\000i\000s\000t\000\040\000o\000f\000\040\000f\000i\000g\000u\000r\000e\000s}{}% 166
\BOOKMARK [0][-]{chapter*.140}{\376\377\000I\000n\000d\000e\000x}{}% 167
\BOOKMARK [0][-]{chapter*.141}{\376\377\000G\000l\000o\000s\000s\000a\000r\000y}{}% 168
